<?xml version="1.0" encoding="UTF-8"?>
<coverage generated="1645018457127" clover="3.2.0">
  <project timestamp="1645018457127" name="All files">
    <metrics statements="1" coveredstatements="1" conditionals="0" coveredconditionals="0" methods="0" coveredmethods="0" elements="1" coveredelements="1" complexity="0" loc="1" ncloc="1" packages="1" files="1" classes="1"/>
    <file name="api.ts" path="/Users/eduardobarbosa/NODEJS/hiring/node/src/helpers/api.ts">
      <metrics statements="1" coveredstatements="1" conditionals="0" coveredconditionals="0" methods="0" coveredmethods="0"/>
      <line num="3" count="1" type="stmt"/>
    </file>
  </project>
</coverage>
